This file contains any messages produced by compilers while
running configure, to aid debugging if configure makes a mistake.

It was created by g722_1 configure 0.2.0, which was
generated by GNU Autoconf 2.69.  Invocation command line was

  $ ./configure --disable-option-checking --prefix=/usr/local --cache-file=/dev/null --srcdir=. --disable-shared --with-pic

## --------- ##
## Platform. ##
## --------- ##

hostname = mypc-Inspiron-5520
uname -m = x86_64
uname -r = 3.13.0-46-generic
uname -s = Linux
uname -v = #79-Ubuntu SMP Tue Mar 10 20:06:50 UTC 2015

/usr/bin/uname -p = unknown
/bin/uname -X     = unknown

/bin/arch              = unknown
/usr/bin/arch -k       = unknown
/usr/convex/getsysinfo = unknown
/usr/bin/hostinfo      = unknown
/bin/machine           = unknown
/usr/bin/oslevel       = unknown
/bin/universe          = unknown

PATH: /usr/local/sbin
PATH: /usr/local/bin
PATH: /usr/sbin
PATH: /usr/bin
PATH: /sbin
PATH: /bin
PATH: /usr/games
PATH: /usr/local/games


## ----------- ##
## Core tests. ##
## ----------- ##

configure:2668: checking for a BSD-compatible install
configure:2736: result: /usr/bin/install -c
configure:2747: checking whether build environment is sane
configure:2802: result: yes
configure:2840: WARNING: 'missing' script is too old or missing
configure:2953: checking for a thread-safe mkdir -p
configure:2992: result: /bin/mkdir -p
configure:2999: checking for gawk
configure:3029: result: no
configure:2999: checking for mawk
configure:3015: found /usr/bin/mawk
configure:3026: result: mawk
configure:3037: checking whether make sets $(MAKE)
configure:3059: result: yes
configure:3088: checking whether make supports nested variables
configure:3105: result: yes
configure:3235: checking build system type
configure:3249: result: x86_64-unknown-linux-gnu
configure:3269: checking host system type
configure:3282: result: x86_64-unknown-linux-gnu
configure:3351: checking for gcc
configure:3367: found /usr/bin/gcc
configure:3378: result: gcc
configure:3607: checking for C compiler version
configure:3616: gcc --version >&5
gcc (Ubuntu 4.8.4-2ubuntu1~14.04.1) 4.8.4
Copyright (C) 2013 Free Software Foundation, Inc.
This is free software; see the source for copying conditions.  There is NO
warranty; not even for MERCHANTABILITY or FITNESS FOR A PARTICULAR PURPOSE.

configure:3627: $? = 0
configure:3616: gcc -v >&5
Using built-in specs.
COLLECT_GCC=gcc
COLLECT_LTO_WRAPPER=/usr/lib/gcc/x86_64-linux-gnu/4.8/lto-wrapper
Target: x86_64-linux-gnu
Configured with: ../src/configure -v --with-pkgversion='Ubuntu 4.8.4-2ubuntu1~14.04.1' --with-bugurl=file:///usr/share/doc/gcc-4.8/README.Bugs --enable-languages=c,c++,java,go,d,fortran,objc,obj-c++ --prefix=/usr --program-suffix=-4.8 --enable-shared --enable-linker-build-id --libexecdir=/usr/lib --without-included-gettext --enable-threads=posix --with-gxx-include-dir=/usr/include/c++/4.8 --libdir=/usr/lib --enable-nls --with-sysroot=/ --enable-clocale=gnu --enable-libstdcxx-debug --enable-libstdcxx-time=yes --enable-gnu-unique-object --disable-libmudflap --enable-plugin --with-system-zlib --disable-browser-plugin --enable-java-awt=gtk --enable-gtk-cairo --with-java-home=/usr/lib/jvm/java-1.5.0-gcj-4.8-amd64/jre --enable-java-home --with-jvm-root-dir=/usr/lib/jvm/java-1.5.0-gcj-4.8-amd64 --with-jvm-jar-dir=/usr/lib/jvm-exports/java-1.5.0-gcj-4.8-amd64 --with-arch-directory=amd64 --with-ecj-jar=/usr/share/java/eclipse-ecj.jar --enable-objc-gc --enable-multiarch --disable-werror --with-arch-32=i686 --with-abi=m64 --with-multilib-list=m32,m64,mx32 --with-tune=generic --enable-checking=release --build=x86_64-linux-gnu --host=x86_64-linux-gnu --target=x86_64-linux-gnu
Thread model: posix
gcc version 4.8.4 (Ubuntu 4.8.4-2ubuntu1~14.04.1) 
configure:3627: $? = 0
configure:3616: gcc -V >&5
gcc: error: unrecognized command line option '-V'
gcc: fatal error: no input files
compilation terminated.
configure:3627: $? = 4
configure:3616: gcc -qversion >&5
gcc: error: unrecognized command line option '-qversion'
gcc: fatal error: no input files
compilation terminated.
configure:3627: $? = 4
configure:3647: checking whether the C compiler works
configure:3669: gcc    conftest.c  >&5
configure:3673: $? = 0
configure:3721: result: yes
configure:3724: checking for C compiler default output file name
configure:3726: result: a.out
configure:3732: checking for suffix of executables
configure:3739: gcc -o conftest    conftest.c  >&5
configure:3743: $? = 0
configure:3765: result: 
configure:3787: checking whether we are cross compiling
configure:3795: gcc -o conftest    conftest.c  >&5
configure:3799: $? = 0
configure:3806: ./conftest
configure:3810: $? = 0
configure:3825: result: no
configure:3830: checking for suffix of object files
configure:3852: gcc -c   conftest.c >&5
configure:3856: $? = 0
configure:3877: result: o
configure:3881: checking whether we are using the GNU C compiler
configure:3900: gcc -c   conftest.c >&5
configure:3900: $? = 0
configure:3909: result: yes
configure:3918: checking whether gcc accepts -g
configure:3938: gcc -c -g  conftest.c >&5
configure:3938: $? = 0
configure:3979: result: yes
configure:3996: checking for gcc option to accept ISO C89
configure:4059: gcc  -c -g -O2  conftest.c >&5
configure:4059: $? = 0
configure:4072: result: none needed
configure:4097: checking whether gcc understands -c and -o together
configure:4119: gcc -c conftest.c -o conftest2.o
configure:4122: $? = 0
configure:4119: gcc -c conftest.c -o conftest2.o
configure:4122: $? = 0
configure:4134: result: yes
configure:4162: checking for style of include used by make
configure:4190: result: GNU
configure:4216: checking dependency style of gcc
configure:4327: result: gcc3
configure:4400: checking for g++
configure:4416: found /usr/bin/g++
configure:4427: result: g++
configure:4454: checking for C++ compiler version
configure:4463: g++ --version >&5
g++ (Ubuntu 4.8.4-2ubuntu1~14.04.1) 4.8.4
Copyright (C) 2013 Free Software Foundation, Inc.
This is free software; see the source for copying conditions.  There is NO
warranty; not even for MERCHANTABILITY or FITNESS FOR A PARTICULAR PURPOSE.

configure:4474: $? = 0
configure:4463: g++ -v >&5
Using built-in specs.
COLLECT_GCC=g++
COLLECT_LTO_WRAPPER=/usr/lib/gcc/x86_64-linux-gnu/4.8/lto-wrapper
Target: x86_64-linux-gnu
Configured with: ../src/configure -v --with-pkgversion='Ubuntu 4.8.4-2ubuntu1~14.04.1' --with-bugurl=file:///usr/share/doc/gcc-4.8/README.Bugs --enable-languages=c,c++,java,go,d,fortran,objc,obj-c++ --prefix=/usr --program-suffix=-4.8 --enable-shared --enable-linker-build-id --libexecdir=/usr/lib --without-included-gettext --enable-threads=posix --with-gxx-include-dir=/usr/include/c++/4.8 --libdir=/usr/lib --enable-nls --with-sysroot=/ --enable-clocale=gnu --enable-libstdcxx-debug --enable-libstdcxx-time=yes --enable-gnu-unique-object --disable-libmudflap --enable-plugin --with-system-zlib --disable-browser-plugin --enable-java-awt=gtk --enable-gtk-cairo --with-java-home=/usr/lib/jvm/java-1.5.0-gcj-4.8-amd64/jre --enable-java-home --with-jvm-root-dir=/usr/lib/jvm/java-1.5.0-gcj-4.8-amd64 --with-jvm-jar-dir=/usr/lib/jvm-exports/java-1.5.0-gcj-4.8-amd64 --with-arch-directory=amd64 --with-ecj-jar=/usr/share/java/eclipse-ecj.jar --enable-objc-gc --enable-multiarch --disable-werror --with-arch-32=i686 --with-abi=m64 --with-multilib-list=m32,m64,mx32 --with-tune=generic --enable-checking=release --build=x86_64-linux-gnu --host=x86_64-linux-gnu --target=x86_64-linux-gnu
Thread model: posix
gcc version 4.8.4 (Ubuntu 4.8.4-2ubuntu1~14.04.1) 
configure:4474: $? = 0
configure:4463: g++ -V >&5
g++: error: unrecognized command line option '-V'
g++: fatal error: no input files
compilation terminated.
configure:4474: $? = 4
configure:4463: g++ -qversion >&5
g++: error: unrecognized command line option '-qversion'
g++: fatal error: no input files
compilation terminated.
configure:4474: $? = 4
configure:4478: checking whether we are using the GNU C++ compiler
configure:4497: g++ -c   conftest.cpp >&5
configure:4497: $? = 0
configure:4506: result: yes
configure:4515: checking whether g++ accepts -g
configure:4535: g++ -c -g  conftest.cpp >&5
configure:4535: $? = 0
configure:4576: result: yes
configure:4601: checking dependency style of g++
configure:4712: result: gcc3
configure:4733: checking how to run the C preprocessor
configure:4764: gcc -E  conftest.c
configure:4764: $? = 0
configure:4778: gcc -E  conftest.c
conftest.c:11:28: fatal error: ac_nonexistent.h: No such file or directory
 #include <ac_nonexistent.h>
                            ^
compilation terminated.
configure:4778: $? = 1
configure: failed program was:
| /* confdefs.h */
| #define PACKAGE_NAME "g722_1"
| #define PACKAGE_TARNAME "g722_1"
| #define PACKAGE_VERSION "0.2.0"
| #define PACKAGE_STRING "g722_1 0.2.0"
| #define PACKAGE_BUGREPORT ""
| #define PACKAGE_URL ""
| #define PACKAGE "g722_1"
| #define VERSION "0.2.0"
| /* end confdefs.h.  */
| #include <ac_nonexistent.h>
configure:4803: result: gcc -E
configure:4823: gcc -E  conftest.c
configure:4823: $? = 0
configure:4837: gcc -E  conftest.c
conftest.c:11:28: fatal error: ac_nonexistent.h: No such file or directory
 #include <ac_nonexistent.h>
                            ^
compilation terminated.
configure:4837: $? = 1
configure: failed program was:
| /* confdefs.h */
| #define PACKAGE_NAME "g722_1"
| #define PACKAGE_TARNAME "g722_1"
| #define PACKAGE_VERSION "0.2.0"
| #define PACKAGE_STRING "g722_1 0.2.0"
| #define PACKAGE_BUGREPORT ""
| #define PACKAGE_URL ""
| #define PACKAGE "g722_1"
| #define VERSION "0.2.0"
| /* end confdefs.h.  */
| #include <ac_nonexistent.h>
configure:4866: checking for grep that handles long lines and -e
configure:4924: result: /bin/grep
configure:4929: checking for egrep
configure:4991: result: /bin/grep -E
configure:4997: checking whether gcc needs -traditional
configure:5031: result: no
configure:5084: checking how to print strings
configure:5111: result: printf
configure:5132: checking for a sed that does not truncate output
configure:5196: result: /bin/sed
configure:5214: checking for fgrep
configure:5276: result: /bin/grep -F
configure:5311: checking for ld used by gcc
configure:5378: result: /usr/bin/ld
configure:5385: checking if the linker (/usr/bin/ld) is GNU ld
configure:5400: result: yes
configure:5412: checking for BSD- or MS-compatible name lister (nm)
configure:5461: result: /usr/bin/nm -B
configure:5591: checking the name lister (/usr/bin/nm -B) interface
configure:5598: gcc -c -g -O2  conftest.c >&5
configure:5601: /usr/bin/nm -B "conftest.o"
configure:5604: output
0000000000000000 B some_variable
configure:5611: result: BSD nm
configure:5614: checking whether ln -s works
configure:5618: result: yes
configure:5626: checking the maximum length of command line arguments
configure:5757: result: 1572864
configure:5774: checking whether the shell understands some XSI constructs
configure:5784: result: yes
configure:5788: checking whether the shell understands "+="
configure:5794: result: yes
configure:5829: checking how to convert x86_64-unknown-linux-gnu file names to x86_64-unknown-linux-gnu format
configure:5869: result: func_convert_file_noop
configure:5876: checking how to convert x86_64-unknown-linux-gnu file names to toolchain format
configure:5896: result: func_convert_file_noop
configure:5903: checking for /usr/bin/ld option to reload object files
configure:5910: result: -r
configure:5984: checking for objdump
configure:6000: found /usr/bin/objdump
configure:6011: result: objdump
configure:6043: checking how to recognize dependent libraries
configure:6241: result: pass_all
configure:6326: checking for dlltool
configure:6356: result: no
configure:6386: checking how to associate runtime and link libraries
configure:6413: result: printf %s\n
configure:6473: checking for ar
configure:6489: found /usr/bin/ar
configure:6500: result: ar
configure:6537: checking for archiver @FILE support
configure:6554: gcc -c -g -O2  conftest.c >&5
configure:6554: $? = 0
configure:6557: ar cru libconftest.a @conftest.lst >&5
configure:6560: $? = 0
configure:6565: ar cru libconftest.a @conftest.lst >&5
ar: conftest.o: No such file or directory
configure:6568: $? = 1
configure:6580: result: @
configure:6638: checking for strip
configure:6654: found /usr/bin/strip
configure:6665: result: strip
configure:6737: checking for ranlib
configure:6753: found /usr/bin/ranlib
configure:6764: result: ranlib
configure:6866: checking command to parse /usr/bin/nm -B output from gcc object
configure:6986: gcc -c -g -O2  conftest.c >&5
configure:6989: $? = 0
configure:6993: /usr/bin/nm -B conftest.o \| sed -n -e 's/^.*[ ]\([ABCDGIRSTW][ABCDGIRSTW]*\)[ ][ ]*\([_A-Za-z][_A-Za-z0-9]*\)$/\1 \2 \2/p' | sed '/ __gnu_lto/d' \> conftest.nm
configure:6996: $? = 0
configure:7062: gcc -o conftest -g -O2   conftest.c conftstm.o >&5
configure:7065: $? = 0
configure:7103: result: ok
configure:7140: checking for sysroot
configure:7170: result: no
configure:7247: gcc -c -g -O2  conftest.c >&5
configure:7250: $? = 0
configure:7439: checking for mt
configure:7455: found /bin/mt
configure:7466: result: mt
configure:7489: checking if mt is a manifest tool
configure:7495: mt '-?'
configure:7503: result: no
configure:8140: checking for ANSI C header files
configure:8160: gcc -c -g -O2  conftest.c >&5
configure:8160: $? = 0
configure:8233: gcc -o conftest -g -O2   conftest.c  >&5
configure:8233: $? = 0
configure:8233: ./conftest
configure:8233: $? = 0
configure:8244: result: yes
configure:8257: checking for sys/types.h
configure:8257: gcc -c -g -O2  conftest.c >&5
configure:8257: $? = 0
configure:8257: result: yes
configure:8257: checking for sys/stat.h
configure:8257: gcc -c -g -O2  conftest.c >&5
configure:8257: $? = 0
configure:8257: result: yes
configure:8257: checking for stdlib.h
configure:8257: gcc -c -g -O2  conftest.c >&5
configure:8257: $? = 0
configure:8257: result: yes
configure:8257: checking for string.h
configure:8257: gcc -c -g -O2  conftest.c >&5
configure:8257: $? = 0
configure:8257: result: yes
configure:8257: checking for memory.h
configure:8257: gcc -c -g -O2  conftest.c >&5
configure:8257: $? = 0
configure:8257: result: yes
configure:8257: checking for strings.h
configure:8257: gcc -c -g -O2  conftest.c >&5
configure:8257: $? = 0
configure:8257: result: yes
configure:8257: checking for inttypes.h
configure:8257: gcc -c -g -O2  conftest.c >&5
configure:8257: $? = 0
configure:8257: result: yes
configure:8257: checking for stdint.h
configure:8257: gcc -c -g -O2  conftest.c >&5
configure:8257: $? = 0
configure:8257: result: yes
configure:8257: checking for unistd.h
configure:8257: gcc -c -g -O2  conftest.c >&5
configure:8257: $? = 0
configure:8257: result: yes
configure:8271: checking for dlfcn.h
configure:8271: gcc -c -g -O2  conftest.c >&5
configure:8271: $? = 0
configure:8271: result: yes
configure:8488: checking for objdir
configure:8503: result: .libs
configure:8770: checking if gcc supports -fno-rtti -fno-exceptions
configure:8788: gcc -c -g -O2  -fno-rtti -fno-exceptions conftest.c >&5
cc1: warning: command line option '-fno-rtti' is valid for C++/ObjC++ but not for C [enabled by default]
configure:8792: $? = 0
configure:8805: result: no
configure:9132: checking for gcc option to produce PIC
configure:9139: result: -fPIC -DPIC
configure:9147: checking if gcc PIC flag -fPIC -DPIC works
configure:9165: gcc -c -g -O2  -fPIC -DPIC -DPIC conftest.c >&5
configure:9169: $? = 0
configure:9182: result: yes
configure:9211: checking if gcc static flag -static works
configure:9239: result: yes
configure:9254: checking if gcc supports -c -o file.o
configure:9275: gcc -c -g -O2  -o out/conftest2.o conftest.c >&5
configure:9279: $? = 0
configure:9301: result: yes
configure:9309: checking if gcc supports -c -o file.o
configure:9356: result: yes
configure:9389: checking whether the gcc linker (/usr/bin/ld -m elf_x86_64) supports shared libraries
configure:10546: result: yes
configure:10786: checking dynamic linker characteristics
configure:11286: gcc -o conftest -g -O2   -Wl,-rpath -Wl,/foo conftest.c  >&5
configure:11286: $? = 0
configure:11520: result: GNU/Linux ld.so
configure:11627: checking how to hardcode library paths into programs
configure:11652: result: immediate
configure:12192: checking whether stripping libraries is possible
configure:12197: result: yes
configure:12232: checking if libtool supports shared libraries
configure:12234: result: yes
configure:12237: checking whether to build shared libraries
configure:12258: result: no
configure:12261: checking whether to build static libraries
configure:12265: result: yes
configure:12288: checking how to run the C++ preprocessor
configure:12315: g++ -E  conftest.cpp
configure:12315: $? = 0
configure:12329: g++ -E  conftest.cpp
conftest.cpp:23:28: fatal error: ac_nonexistent.h: No such file or directory
 #include <ac_nonexistent.h>
                            ^
compilation terminated.
configure:12329: $? = 1
configure: failed program was:
| /* confdefs.h */
| #define PACKAGE_NAME "g722_1"
| #define PACKAGE_TARNAME "g722_1"
| #define PACKAGE_VERSION "0.2.0"
| #define PACKAGE_STRING "g722_1 0.2.0"
| #define PACKAGE_BUGREPORT ""
| #define PACKAGE_URL ""
| #define PACKAGE "g722_1"
| #define VERSION "0.2.0"
| #define STDC_HEADERS 1
| #define HAVE_SYS_TYPES_H 1
| #define HAVE_SYS_STAT_H 1
| #define HAVE_STDLIB_H 1
| #define HAVE_STRING_H 1
| #define HAVE_MEMORY_H 1
| #define HAVE_STRINGS_H 1
| #define HAVE_INTTYPES_H 1
| #define HAVE_STDINT_H 1
| #define HAVE_UNISTD_H 1
| #define HAVE_DLFCN_H 1
| #define LT_OBJDIR ".libs/"
| /* end confdefs.h.  */
| #include <ac_nonexistent.h>
configure:12354: result: g++ -E
configure:12374: g++ -E  conftest.cpp
configure:12374: $? = 0
configure:12388: g++ -E  conftest.cpp
conftest.cpp:23:28: fatal error: ac_nonexistent.h: No such file or directory
 #include <ac_nonexistent.h>
                            ^
compilation terminated.
configure:12388: $? = 1
configure: failed program was:
| /* confdefs.h */
| #define PACKAGE_NAME "g722_1"
| #define PACKAGE_TARNAME "g722_1"
| #define PACKAGE_VERSION "0.2.0"
| #define PACKAGE_STRING "g722_1 0.2.0"
| #define PACKAGE_BUGREPORT ""
| #define PACKAGE_URL ""
| #define PACKAGE "g722_1"
| #define VERSION "0.2.0"
| #define STDC_HEADERS 1
| #define HAVE_SYS_TYPES_H 1
| #define HAVE_SYS_STAT_H 1
| #define HAVE_STDLIB_H 1
| #define HAVE_STRING_H 1
| #define HAVE_MEMORY_H 1
| #define HAVE_STRINGS_H 1
| #define HAVE_INTTYPES_H 1
| #define HAVE_STDINT_H 1
| #define HAVE_UNISTD_H 1
| #define HAVE_DLFCN_H 1
| #define LT_OBJDIR ".libs/"
| /* end confdefs.h.  */
| #include <ac_nonexistent.h>
configure:12557: checking for ld used by g++
configure:12624: result: /usr/bin/ld -m elf_x86_64
configure:12631: checking if the linker (/usr/bin/ld -m elf_x86_64) is GNU ld
configure:12646: result: yes
configure:12701: checking whether the g++ linker (/usr/bin/ld -m elf_x86_64) supports shared libraries
configure:13703: result: yes
configure:13739: g++ -c -g -O2  conftest.cpp >&5
configure:13742: $? = 0
configure:14262: checking for g++ option to produce PIC
configure:14269: result: -fPIC -DPIC
configure:14277: checking if g++ PIC flag -fPIC -DPIC works
configure:14295: g++ -c -g -O2  -fPIC -DPIC -DPIC conftest.cpp >&5
configure:14299: $? = 0
configure:14312: result: yes
configure:14335: checking if g++ static flag -static works
configure:14363: result: yes
configure:14375: checking if g++ supports -c -o file.o
configure:14396: g++ -c -g -O2  -o out/conftest2.o conftest.cpp >&5
configure:14400: $? = 0
configure:14422: result: yes
configure:14427: checking if g++ supports -c -o file.o
configure:14474: result: yes
configure:14504: checking whether the g++ linker (/usr/bin/ld -m elf_x86_64) supports shared libraries
configure:14543: result: yes
configure:14684: checking dynamic linker characteristics
configure:15352: result: GNU/Linux ld.so
configure:15405: checking how to hardcode library paths into programs
configure:15430: result: immediate
configure:15499: checking for C compiler vendor
configure:15523: gcc -c -g -O2  conftest.c >&5
conftest.c: In function 'main':
conftest.c:29:7: error: 'thisisanerror' undeclared (first use in this function)
       thisisanerror;
       ^
conftest.c:29:7: note: each undeclared identifier is reported only once for each function it appears in
configure:15523: $? = 1
configure: failed program was:
| /* confdefs.h */
| #define PACKAGE_NAME "g722_1"
| #define PACKAGE_TARNAME "g722_1"
| #define PACKAGE_VERSION "0.2.0"
| #define PACKAGE_STRING "g722_1 0.2.0"
| #define PACKAGE_BUGREPORT ""
| #define PACKAGE_URL ""
| #define PACKAGE "g722_1"
| #define VERSION "0.2.0"
| #define STDC_HEADERS 1
| #define HAVE_SYS_TYPES_H 1
| #define HAVE_SYS_STAT_H 1
| #define HAVE_STDLIB_H 1
| #define HAVE_STRING_H 1
| #define HAVE_MEMORY_H 1
| #define HAVE_STRINGS_H 1
| #define HAVE_INTTYPES_H 1
| #define HAVE_STDINT_H 1
| #define HAVE_UNISTD_H 1
| #define HAVE_DLFCN_H 1
| #define LT_OBJDIR ".libs/"
| /* end confdefs.h.  */
| 
| int
| main ()
| {
| 
| #if !(defined(__ICC) || defined(__ECC) || defined(__INTEL_COMPILER))
|       thisisanerror;
| #endif
| 
|   ;
|   return 0;
| }
configure:15523: gcc -c -g -O2  conftest.c >&5
conftest.c: In function 'main':
conftest.c:29:7: error: 'thisisanerror' undeclared (first use in this function)
       thisisanerror;
       ^
conftest.c:29:7: note: each undeclared identifier is reported only once for each function it appears in
configure:15523: $? = 1
configure: failed program was:
| /* confdefs.h */
| #define PACKAGE_NAME "g722_1"
| #define PACKAGE_TARNAME "g722_1"
| #define PACKAGE_VERSION "0.2.0"
| #define PACKAGE_STRING "g722_1 0.2.0"
| #define PACKAGE_BUGREPORT ""
| #define PACKAGE_URL ""
| #define PACKAGE "g722_1"
| #define VERSION "0.2.0"
| #define STDC_HEADERS 1
| #define HAVE_SYS_TYPES_H 1
| #define HAVE_SYS_STAT_H 1
| #define HAVE_STDLIB_H 1
| #define HAVE_STRING_H 1
| #define HAVE_MEMORY_H 1
| #define HAVE_STRINGS_H 1
| #define HAVE_INTTYPES_H 1
| #define HAVE_STDINT_H 1
| #define HAVE_UNISTD_H 1
| #define HAVE_DLFCN_H 1
| #define LT_OBJDIR ".libs/"
| /* end confdefs.h.  */
| 
| int
| main ()
| {
| 
| #if !(defined(__xlc__) || defined(__xlC__) || defined(__IBMC__) || defined(__IBMCPP__))
|       thisisanerror;
| #endif
| 
|   ;
|   return 0;
| }
configure:15523: gcc -c -g -O2  conftest.c >&5
conftest.c: In function 'main':
conftest.c:29:7: error: 'thisisanerror' undeclared (first use in this function)
       thisisanerror;
       ^
conftest.c:29:7: note: each undeclared identifier is reported only once for each function it appears in
configure:15523: $? = 1
configure: failed program was:
| /* confdefs.h */
| #define PACKAGE_NAME "g722_1"
| #define PACKAGE_TARNAME "g722_1"
| #define PACKAGE_VERSION "0.2.0"
| #define PACKAGE_STRING "g722_1 0.2.0"
| #define PACKAGE_BUGREPORT ""
| #define PACKAGE_URL ""
| #define PACKAGE "g722_1"
| #define VERSION "0.2.0"
| #define STDC_HEADERS 1
| #define HAVE_SYS_TYPES_H 1
| #define HAVE_SYS_STAT_H 1
| #define HAVE_STDLIB_H 1
| #define HAVE_STRING_H 1
| #define HAVE_MEMORY_H 1
| #define HAVE_STRINGS_H 1
| #define HAVE_INTTYPES_H 1
| #define HAVE_STDINT_H 1
| #define HAVE_UNISTD_H 1
| #define HAVE_DLFCN_H 1
| #define LT_OBJDIR ".libs/"
| /* end confdefs.h.  */
| 
| int
| main ()
| {
| 
| #if !(defined(__PATHCC__) || defined(__PATHSCALE__))
|       thisisanerror;
| #endif
| 
|   ;
|   return 0;
| }
configure:15523: gcc -c -g -O2  conftest.c >&5
configure:15523: $? = 0
configure:15530: result: gnu
configure:15603: checking for gcc
configure:15630: result: gcc
configure:15859: checking for C compiler version
configure:15868: gcc --version >&5
gcc (Ubuntu 4.8.4-2ubuntu1~14.04.1) 4.8.4
Copyright (C) 2013 Free Software Foundation, Inc.
This is free software; see the source for copying conditions.  There is NO
warranty; not even for MERCHANTABILITY or FITNESS FOR A PARTICULAR PURPOSE.

configure:15879: $? = 0
configure:15868: gcc -v >&5
Using built-in specs.
COLLECT_GCC=gcc
COLLECT_LTO_WRAPPER=/usr/lib/gcc/x86_64-linux-gnu/4.8/lto-wrapper
Target: x86_64-linux-gnu
Configured with: ../src/configure -v --with-pkgversion='Ubuntu 4.8.4-2ubuntu1~14.04.1' --with-bugurl=file:///usr/share/doc/gcc-4.8/README.Bugs --enable-languages=c,c++,java,go,d,fortran,objc,obj-c++ --prefix=/usr --program-suffix=-4.8 --enable-shared --enable-linker-build-id --libexecdir=/usr/lib --without-included-gettext --enable-threads=posix --with-gxx-include-dir=/usr/include/c++/4.8 --libdir=/usr/lib --enable-nls --with-sysroot=/ --enable-clocale=gnu --enable-libstdcxx-debug --enable-libstdcxx-time=yes --enable-gnu-unique-object --disable-libmudflap --enable-plugin --with-system-zlib --disable-browser-plugin --enable-java-awt=gtk --enable-gtk-cairo --with-java-home=/usr/lib/jvm/java-1.5.0-gcj-4.8-amd64/jre --enable-java-home --with-jvm-root-dir=/usr/lib/jvm/java-1.5.0-gcj-4.8-amd64 --with-jvm-jar-dir=/usr/lib/jvm-exports/java-1.5.0-gcj-4.8-amd64 --with-arch-directory=amd64 --with-ecj-jar=/usr/share/java/eclipse-ecj.jar --enable-objc-gc --enable-multiarch --disable-werror --with-arch-32=i686 --with-abi=m64 --with-multilib-list=m32,m64,mx32 --with-tune=generic --enable-checking=release --build=x86_64-linux-gnu --host=x86_64-linux-gnu --target=x86_64-linux-gnu
Thread model: posix
gcc version 4.8.4 (Ubuntu 4.8.4-2ubuntu1~14.04.1) 
configure:15879: $? = 0
configure:15868: gcc -V >&5
gcc: error: unrecognized command line option '-V'
gcc: fatal error: no input files
compilation terminated.
configure:15879: $? = 4
configure:15868: gcc -qversion >&5
gcc: error: unrecognized command line option '-qversion'
gcc: fatal error: no input files
compilation terminated.
configure:15879: $? = 4
configure:15883: checking whether we are using the GNU C compiler
configure:15911: result: yes
configure:15920: checking whether gcc accepts -g
configure:15981: result: yes
configure:15998: checking for gcc option to accept ISO C89
configure:16074: result: none needed
configure:16099: checking whether gcc understands -c and -o together
configure:16136: result: yes
configure:16155: checking dependency style of gcc
configure:16266: result: gcc3
configure:16310: checking for an ANSI C-conforming const
configure:16376: gcc -c -g -O2  conftest.c >&5
configure:16376: $? = 0
configure:16383: result: yes
configure:16391: checking for inline
configure:16407: gcc -c -g -O2  conftest.c >&5
configure:16407: $? = 0
configure:16415: result: inline
configure:16433: checking for working volatile
configure:16452: gcc -c -g -O2  conftest.c >&5
configure:16452: $? = 0
configure:16459: result: yes
configure:16468: checking for long long
configure:16468: gcc -c -g -O2  conftest.c >&5
configure:16468: $? = 0
configure:16468: gcc -c -g -O2  conftest.c >&5
conftest.c: In function 'main':
conftest.c:59:24: error: expected expression before ')' token
 if (sizeof ((long long)))
                        ^
configure:16468: $? = 1
configure: failed program was:
| /* confdefs.h */
| #define PACKAGE_NAME "g722_1"
| #define PACKAGE_TARNAME "g722_1"
| #define PACKAGE_VERSION "0.2.0"
| #define PACKAGE_STRING "g722_1 0.2.0"
| #define PACKAGE_BUGREPORT ""
| #define PACKAGE_URL ""
| #define PACKAGE "g722_1"
| #define VERSION "0.2.0"
| #define STDC_HEADERS 1
| #define HAVE_SYS_TYPES_H 1
| #define HAVE_SYS_STAT_H 1
| #define HAVE_STDLIB_H 1
| #define HAVE_STRING_H 1
| #define HAVE_MEMORY_H 1
| #define HAVE_STRINGS_H 1
| #define HAVE_INTTYPES_H 1
| #define HAVE_STDINT_H 1
| #define HAVE_UNISTD_H 1
| #define HAVE_DLFCN_H 1
| #define LT_OBJDIR ".libs/"
| /* end confdefs.h.  */
| #include <stdio.h>
| #ifdef HAVE_SYS_TYPES_H
| # include <sys/types.h>
| #endif
| #ifdef HAVE_SYS_STAT_H
| # include <sys/stat.h>
| #endif
| #ifdef STDC_HEADERS
| # include <stdlib.h>
| # include <stddef.h>
| #else
| # ifdef HAVE_STDLIB_H
| #  include <stdlib.h>
| # endif
| #endif
| #ifdef HAVE_STRING_H
| # if !defined STDC_HEADERS && defined HAVE_MEMORY_H
| #  include <memory.h>
| # endif
| # include <string.h>
| #endif
| #ifdef HAVE_STRINGS_H
| # include <strings.h>
| #endif
| #ifdef HAVE_INTTYPES_H
| # include <inttypes.h>
| #endif
| #ifdef HAVE_STDINT_H
| # include <stdint.h>
| #endif
| #ifdef HAVE_UNISTD_H
| # include <unistd.h>
| #endif
| int
| main ()
| {
| if (sizeof ((long long)))
| 	    return 0;
|   ;
|   return 0;
| }
configure:16468: result: yes
configure:16478: checking for long double
configure:16478: gcc -c -g -O2  conftest.c >&5
configure:16478: $? = 0
configure:16478: gcc -c -g -O2  conftest.c >&5
conftest.c: In function 'main':
conftest.c:60:26: error: expected expression before ')' token
 if (sizeof ((long double)))
                          ^
configure:16478: $? = 1
configure: failed program was:
| /* confdefs.h */
| #define PACKAGE_NAME "g722_1"
| #define PACKAGE_TARNAME "g722_1"
| #define PACKAGE_VERSION "0.2.0"
| #define PACKAGE_STRING "g722_1 0.2.0"
| #define PACKAGE_BUGREPORT ""
| #define PACKAGE_URL ""
| #define PACKAGE "g722_1"
| #define VERSION "0.2.0"
| #define STDC_HEADERS 1
| #define HAVE_SYS_TYPES_H 1
| #define HAVE_SYS_STAT_H 1
| #define HAVE_STDLIB_H 1
| #define HAVE_STRING_H 1
| #define HAVE_MEMORY_H 1
| #define HAVE_STRINGS_H 1
| #define HAVE_INTTYPES_H 1
| #define HAVE_STDINT_H 1
| #define HAVE_UNISTD_H 1
| #define HAVE_DLFCN_H 1
| #define LT_OBJDIR ".libs/"
| #define HAVE_LONG_LONG 1
| /* end confdefs.h.  */
| #include <stdio.h>
| #ifdef HAVE_SYS_TYPES_H
| # include <sys/types.h>
| #endif
| #ifdef HAVE_SYS_STAT_H
| # include <sys/stat.h>
| #endif
| #ifdef STDC_HEADERS
| # include <stdlib.h>
| # include <stddef.h>
| #else
| # ifdef HAVE_STDLIB_H
| #  include <stdlib.h>
| # endif
| #endif
| #ifdef HAVE_STRING_H
| # if !defined STDC_HEADERS && defined HAVE_MEMORY_H
| #  include <memory.h>
| # endif
| # include <string.h>
| #endif
| #ifdef HAVE_STRINGS_H
| # include <strings.h>
| #endif
| #ifdef HAVE_INTTYPES_H
| # include <inttypes.h>
| #endif
| #ifdef HAVE_STDINT_H
| # include <stdint.h>
| #endif
| #ifdef HAVE_UNISTD_H
| # include <unistd.h>
| #endif
| int
| main ()
| {
| if (sizeof ((long double)))
| 	    return 0;
|   ;
|   return 0;
| }
configure:16478: result: yes
configure:16489: checking return type of signal handlers
configure:16507: gcc -c -g -O2  conftest.c >&5
conftest.c: In function 'main':
conftest.c:31:1: error: void value not ignored as it ought to be
 return *(signal (0, 0)) (0) == 1;
 ^
configure:16507: $? = 1
configure: failed program was:
| /* confdefs.h */
| #define PACKAGE_NAME "g722_1"
| #define PACKAGE_TARNAME "g722_1"
| #define PACKAGE_VERSION "0.2.0"
| #define PACKAGE_STRING "g722_1 0.2.0"
| #define PACKAGE_BUGREPORT ""
| #define PACKAGE_URL ""
| #define PACKAGE "g722_1"
| #define VERSION "0.2.0"
| #define STDC_HEADERS 1
| #define HAVE_SYS_TYPES_H 1
| #define HAVE_SYS_STAT_H 1
| #define HAVE_STDLIB_H 1
| #define HAVE_STRING_H 1
| #define HAVE_MEMORY_H 1
| #define HAVE_STRINGS_H 1
| #define HAVE_INTTYPES_H 1
| #define HAVE_STDINT_H 1
| #define HAVE_UNISTD_H 1
| #define HAVE_DLFCN_H 1
| #define LT_OBJDIR ".libs/"
| #define HAVE_LONG_LONG 1
| #define HAVE_LONG_DOUBLE 1
| /* end confdefs.h.  */
| #include <sys/types.h>
| #include <signal.h>
| 
| int
| main ()
| {
| return *(signal (0, 0)) (0) == 1;
|   ;
|   return 0;
| }
configure:16514: result: void
configure:16584: checking for error_at_line
configure:16600: gcc -o conftest -g -O2   conftest.c  >&5
configure:16600: $? = 0
configure:16608: result: yes
configure:16621: checking for vprintf
configure:16621: gcc -o conftest -g -O2   conftest.c  >&5
conftest.c:49:6: warning: conflicting types for built-in function 'vprintf' [enabled by default]
 char vprintf ();
      ^
configure:16621: $? = 0
configure:16621: result: yes
configure:16627: checking for _doprnt
configure:16627: gcc -o conftest -g -O2   conftest.c  >&5
/tmp/ccGQovnD.o: In function `main':
/home/mypc/MCU1/openmcu/libs/libg722_1/conftest.c:61: undefined reference to `_doprnt'
collect2: error: ld returned 1 exit status
configure:16627: $? = 1
configure: failed program was:
| /* confdefs.h */
| #define PACKAGE_NAME "g722_1"
| #define PACKAGE_TARNAME "g722_1"
| #define PACKAGE_VERSION "0.2.0"
| #define PACKAGE_STRING "g722_1 0.2.0"
| #define PACKAGE_BUGREPORT ""
| #define PACKAGE_URL ""
| #define PACKAGE "g722_1"
| #define VERSION "0.2.0"
| #define STDC_HEADERS 1
| #define HAVE_SYS_TYPES_H 1
| #define HAVE_SYS_STAT_H 1
| #define HAVE_STDLIB_H 1
| #define HAVE_STRING_H 1
| #define HAVE_MEMORY_H 1
| #define HAVE_STRINGS_H 1
| #define HAVE_INTTYPES_H 1
| #define HAVE_STDINT_H 1
| #define HAVE_UNISTD_H 1
| #define HAVE_DLFCN_H 1
| #define LT_OBJDIR ".libs/"
| #define HAVE_LONG_LONG 1
| #define HAVE_LONG_DOUBLE 1
| #define RETSIGTYPE void
| #define HAVE_VPRINTF 1
| /* end confdefs.h.  */
| /* Define _doprnt to an innocuous variant, in case <limits.h> declares _doprnt.
|    For example, HP-UX 11i <limits.h> declares gettimeofday.  */
| #define _doprnt innocuous__doprnt
| 
| /* System header to define __stub macros and hopefully few prototypes,
|     which can conflict with char _doprnt (); below.
|     Prefer <limits.h> to <assert.h> if __STDC__ is defined, since
|     <limits.h> exists even on freestanding compilers.  */
| 
| #ifdef __STDC__
| # include <limits.h>
| #else
| # include <assert.h>
| #endif
| 
| #undef _doprnt
| 
| /* Override any GCC internal prototype to avoid an error.
|    Use char because int might match the return type of a GCC
|    builtin and then its argument prototype would still apply.  */
| #ifdef __cplusplus
| extern "C"
| #endif
| char _doprnt ();
| /* The GNU C library defines this for functions which it implements
|     to always fail with ENOSYS.  Some functions are actually named
|     something starting with __ and the normal name is an alias.  */
| #if defined __stub__doprnt || defined __stub____doprnt
| choke me
| #endif
| 
| int
| main ()
| {
| return _doprnt ();
|   ;
|   return 0;
| }
configure:16627: result: no
configure:16640: checking for stdlib.h
configure:16640: result: yes
configure:16650: checking for GNU libc compatible malloc
configure:16674: gcc -o conftest -g -O2   conftest.c  >&5
configure:16674: $? = 0
configure:16674: ./conftest
configure:16674: $? = 0
configure:16684: result: yes
configure:16705: checking for working memcmp
configure:16748: gcc -o conftest -g -O2   conftest.c  >&5
configure:16748: $? = 0
configure:16748: ./conftest
configure:16748: $? = 0
configure:16758: result: yes
configure:16769: checking for stdlib.h
configure:16769: result: yes
configure:16779: checking for GNU libc compatible realloc
configure:16803: gcc -o conftest -g -O2   conftest.c  >&5
configure:16803: $? = 0
configure:16803: ./conftest
configure:16803: $? = 0
configure:16813: result: yes
configure:16837: checking sys/select.h usability
configure:16837: gcc -c -g -O2  conftest.c >&5
configure:16837: $? = 0
configure:16837: result: yes
configure:16837: checking sys/select.h presence
configure:16837: gcc -E  conftest.c
configure:16837: $? = 0
configure:16837: result: yes
configure:16837: checking for sys/select.h
configure:16837: result: yes
configure:16837: checking sys/socket.h usability
configure:16837: gcc -c -g -O2  conftest.c >&5
configure:16837: $? = 0
configure:16837: result: yes
configure:16837: checking sys/socket.h presence
configure:16837: gcc -E  conftest.c
configure:16837: $? = 0
configure:16837: result: yes
configure:16837: checking for sys/socket.h
configure:16837: result: yes
configure:16847: checking types of arguments for select
configure:16875: gcc -c -g -O2  conftest.c >&5
configure:16875: $? = 0
configure:16886: result: int,fd_set *,struct timeval *
configure:16910: checking for lrint
configure:16936: gcc -o conftest -lm   conftest.c  >&5
/tmp/ccy30Dnf.o: In function `main':
conftest.c:(.text+0x1c): undefined reference to `lrint'
conftest.c:(.text+0x39): undefined reference to `lrint'
collect2: error: ld returned 1 exit status
configure:16936: $? = 1
configure: failed program was:
| /* confdefs.h */
| #define PACKAGE_NAME "g722_1"
| #define PACKAGE_TARNAME "g722_1"
| #define PACKAGE_VERSION "0.2.0"
| #define PACKAGE_STRING "g722_1 0.2.0"
| #define PACKAGE_BUGREPORT ""
| #define PACKAGE_URL ""
| #define PACKAGE "g722_1"
| #define VERSION "0.2.0"
| #define STDC_HEADERS 1
| #define HAVE_SYS_TYPES_H 1
| #define HAVE_SYS_STAT_H 1
| #define HAVE_STDLIB_H 1
| #define HAVE_STRING_H 1
| #define HAVE_MEMORY_H 1
| #define HAVE_STRINGS_H 1
| #define HAVE_INTTYPES_H 1
| #define HAVE_STDINT_H 1
| #define HAVE_UNISTD_H 1
| #define HAVE_DLFCN_H 1
| #define LT_OBJDIR ".libs/"
| #define HAVE_LONG_LONG 1
| #define HAVE_LONG_DOUBLE 1
| #define RETSIGTYPE void
| #define HAVE_VPRINTF 1
| #define HAVE_STDLIB_H 1
| #define HAVE_MALLOC 1
| #define HAVE_STDLIB_H 1
| #define HAVE_REALLOC 1
| #define HAVE_SYS_SELECT_H 1
| #define HAVE_SYS_SOCKET_H 1
| #define SELECT_TYPE_ARG1 int
| #define SELECT_TYPE_ARG234 (fd_set *)
| #define SELECT_TYPE_ARG5 (struct timeval *)
| /* end confdefs.h.  */
| 
| #define _ISOC9X_SOURCE  1
| #define _ISOC99_SOURCE  1
| #define __USE_ISOC99    1
| #define __USE_ISOC9X    1
| 
| #include <math.h>
| 
| int
| main ()
| {
| if (!lrint(3.14159)) lrint(2.7183);
|   ;
|   return 0;
| }
configure:16948: result: no
configure:16957: checking for lrintf
configure:16983: gcc -o conftest -lm   conftest.c  >&5
/tmp/ccKKFBqk.o: In function `main':
conftest.c:(.text+0xd): undefined reference to `lrintf'
conftest.c:(.text+0x1f): undefined reference to `lrintf'
collect2: error: ld returned 1 exit status
configure:16983: $? = 1
configure: failed program was:
| /* confdefs.h */
| #define PACKAGE_NAME "g722_1"
| #define PACKAGE_TARNAME "g722_1"
| #define PACKAGE_VERSION "0.2.0"
| #define PACKAGE_STRING "g722_1 0.2.0"
| #define PACKAGE_BUGREPORT ""
| #define PACKAGE_URL ""
| #define PACKAGE "g722_1"
| #define VERSION "0.2.0"
| #define STDC_HEADERS 1
| #define HAVE_SYS_TYPES_H 1
| #define HAVE_SYS_STAT_H 1
| #define HAVE_STDLIB_H 1
| #define HAVE_STRING_H 1
| #define HAVE_MEMORY_H 1
| #define HAVE_STRINGS_H 1
| #define HAVE_INTTYPES_H 1
| #define HAVE_STDINT_H 1
| #define HAVE_UNISTD_H 1
| #define HAVE_DLFCN_H 1
| #define LT_OBJDIR ".libs/"
| #define HAVE_LONG_LONG 1
| #define HAVE_LONG_DOUBLE 1
| #define RETSIGTYPE void
| #define HAVE_VPRINTF 1
| #define HAVE_STDLIB_H 1
| #define HAVE_MALLOC 1
| #define HAVE_STDLIB_H 1
| #define HAVE_REALLOC 1
| #define HAVE_SYS_SELECT_H 1
| #define HAVE_SYS_SOCKET_H 1
| #define SELECT_TYPE_ARG1 int
| #define SELECT_TYPE_ARG234 (fd_set *)
| #define SELECT_TYPE_ARG5 (struct timeval *)
| /* end confdefs.h.  */
| 
| #define _ISOC9X_SOURCE  1
| #define _ISOC99_SOURCE  1
| #define __USE_ISOC99    1
| #define __USE_ISOC9X    1
| 
| #include <math.h>
| 
| int
| main ()
| {
| if (!lrintf(3.14159)) lrintf(2.7183);
|   ;
|   return 0;
| }
configure:16995: result: no
configure:17004: checking for llrint
configure:17030: gcc -o conftest -lm   conftest.c  >&5
/tmp/ccxDHNLp.o: In function `main':
conftest.c:(.text+0x1c): undefined reference to `lrint'
collect2: error: ld returned 1 exit status
configure:17030: $? = 1
configure: failed program was:
| /* confdefs.h */
| #define PACKAGE_NAME "g722_1"
| #define PACKAGE_TARNAME "g722_1"
| #define PACKAGE_VERSION "0.2.0"
| #define PACKAGE_STRING "g722_1 0.2.0"
| #define PACKAGE_BUGREPORT ""
| #define PACKAGE_URL ""
| #define PACKAGE "g722_1"
| #define VERSION "0.2.0"
| #define STDC_HEADERS 1
| #define HAVE_SYS_TYPES_H 1
| #define HAVE_SYS_STAT_H 1
| #define HAVE_STDLIB_H 1
| #define HAVE_STRING_H 1
| #define HAVE_MEMORY_H 1
| #define HAVE_STRINGS_H 1
| #define HAVE_INTTYPES_H 1
| #define HAVE_STDINT_H 1
| #define HAVE_UNISTD_H 1
| #define HAVE_DLFCN_H 1
| #define LT_OBJDIR ".libs/"
| #define HAVE_LONG_LONG 1
| #define HAVE_LONG_DOUBLE 1
| #define RETSIGTYPE void
| #define HAVE_VPRINTF 1
| #define HAVE_STDLIB_H 1
| #define HAVE_MALLOC 1
| #define HAVE_STDLIB_H 1
| #define HAVE_REALLOC 1
| #define HAVE_SYS_SELECT_H 1
| #define HAVE_SYS_SOCKET_H 1
| #define SELECT_TYPE_ARG1 int
| #define SELECT_TYPE_ARG234 (fd_set *)
| #define SELECT_TYPE_ARG5 (struct timeval *)
| /* end confdefs.h.  */
| 
| #define ISOC9X_SOURCE   1
| #define _ISOC99_SOURCE  1
| #define __USE_ISOC99    1
| #define __USE_ISOC9X    1
| 
| #include <math.h>
| 
| int
| main ()
| {
| long long int x ; x = llrint(3.14159) ;
|   ;
|   return 0;
| }
configure:17042: result: no
configure:17051: checking for llrintf
configure:17077: gcc -o conftest -lm   conftest.c  >&5
/tmp/ccMwJAvr.o: In function `main':
conftest.c:(.text+0x11): undefined reference to `lrintf'
collect2: error: ld returned 1 exit status
configure:17077: $? = 1
configure: failed program was:
| /* confdefs.h */
| #define PACKAGE_NAME "g722_1"
| #define PACKAGE_TARNAME "g722_1"
| #define PACKAGE_VERSION "0.2.0"
| #define PACKAGE_STRING "g722_1 0.2.0"
| #define PACKAGE_BUGREPORT ""
| #define PACKAGE_URL ""
| #define PACKAGE "g722_1"
| #define VERSION "0.2.0"
| #define STDC_HEADERS 1
| #define HAVE_SYS_TYPES_H 1
| #define HAVE_SYS_STAT_H 1
| #define HAVE_STDLIB_H 1
| #define HAVE_STRING_H 1
| #define HAVE_MEMORY_H 1
| #define HAVE_STRINGS_H 1
| #define HAVE_INTTYPES_H 1
| #define HAVE_STDINT_H 1
| #define HAVE_UNISTD_H 1
| #define HAVE_DLFCN_H 1
| #define LT_OBJDIR ".libs/"
| #define HAVE_LONG_LONG 1
| #define HAVE_LONG_DOUBLE 1
| #define RETSIGTYPE void
| #define HAVE_VPRINTF 1
| #define HAVE_STDLIB_H 1
| #define HAVE_MALLOC 1
| #define HAVE_STDLIB_H 1
| #define HAVE_REALLOC 1
| #define HAVE_SYS_SELECT_H 1
| #define HAVE_SYS_SOCKET_H 1
| #define SELECT_TYPE_ARG1 int
| #define SELECT_TYPE_ARG234 (fd_set *)
| #define SELECT_TYPE_ARG5 (struct timeval *)
| /* end confdefs.h.  */
| 
| #define _ISOC9X_SOURCE  1
| #define _ISOC99_SOURCE  1
| #define __USE_ISOC99    1
| #define __USE_ISOC9X    1
| 
| #include <math.h>
| 
| int
| main ()
| {
| long long int x ; x = llrintf(3.14159) ;
|   ;
|   return 0;
| }
configure:17089: result: no
configure:17101: WARNING: *** Missing C99 standard functions lrint() and lrintf().
configure:17103: WARNING: *** This may cause benign compiler warnings on some systems (ie Solaris).
configure:17108: checking C99 struct flexible array support
configure:17134: gcc -o conftest -g -O2   conftest.c  >&5
configure:17134: $? = 0
configure:17143: result: yes
configure:17149: checking for memmove
configure:17149: gcc -o conftest -g -O2   conftest.c  >&5
conftest.c:59:6: warning: conflicting types for built-in function 'memmove' [enabled by default]
 char memmove ();
      ^
configure:17149: $? = 0
configure:17149: result: yes
configure:17160: checking for memset
configure:17160: gcc -o conftest -g -O2   conftest.c  >&5
conftest.c:60:6: warning: conflicting types for built-in function 'memset' [enabled by default]
 char memset ();
      ^
configure:17160: $? = 0
configure:17160: result: yes
configure:17171: checking for select
configure:17171: gcc -o conftest -g -O2   conftest.c  >&5
configure:17171: $? = 0
configure:17171: result: yes
configure:17182: checking for strcasecmp
configure:17182: gcc -o conftest -g -O2   conftest.c  >&5
conftest.c:62:6: warning: conflicting types for built-in function 'strcasecmp' [enabled by default]
 char strcasecmp ();
      ^
configure:17182: $? = 0
configure:17182: result: yes
configure:17193: checking for strchr
configure:17193: gcc -o conftest -g -O2   conftest.c  >&5
conftest.c:63:6: warning: conflicting types for built-in function 'strchr' [enabled by default]
 char strchr ();
      ^
configure:17193: $? = 0
configure:17193: result: yes
configure:17204: checking for strdup
configure:17204: gcc -o conftest -g -O2   conftest.c  >&5
conftest.c:64:6: warning: conflicting types for built-in function 'strdup' [enabled by default]
 char strdup ();
      ^
configure:17204: $? = 0
configure:17204: result: yes
configure:17215: checking for strerror
configure:17215: gcc -o conftest -g -O2   conftest.c  >&5
configure:17215: $? = 0
configure:17215: result: yes
configure:17226: checking for strstr
configure:17226: gcc -o conftest -g -O2   conftest.c  >&5
conftest.c:66:6: warning: conflicting types for built-in function 'strstr' [enabled by default]
 char strstr ();
      ^
configure:17226: $? = 0
configure:17226: result: yes
configure:17237: checking for strtol
configure:17237: gcc -o conftest -g -O2   conftest.c  >&5
configure:17237: $? = 0
configure:17237: result: yes
configure:17248: checking for gettimeofday
configure:17248: gcc -o conftest -g -O2   conftest.c  >&5
configure:17248: $? = 0
configure:17248: result: yes
configure:17258: checking for ANSI C header files
configure:17362: result: yes
configure:17370: checking for sys/wait.h that is POSIX.1 compatible
configure:17396: gcc -c -g -O2  conftest.c >&5
configure:17396: $? = 0
configure:17403: result: yes
configure:17411: checking whether time.h and sys/time.h may both be included
configure:17431: gcc -c -g -O2  conftest.c >&5
configure:17431: $? = 0
configure:17438: result: yes
configure:17450: checking socket.h usability
configure:17450: gcc -c -g -O2  conftest.c >&5
conftest.c:82:20: fatal error: socket.h: No such file or directory
 #include <socket.h>
                    ^
compilation terminated.
configure:17450: $? = 1
configure: failed program was:
| /* confdefs.h */
| #define PACKAGE_NAME "g722_1"
| #define PACKAGE_TARNAME "g722_1"
| #define PACKAGE_VERSION "0.2.0"
| #define PACKAGE_STRING "g722_1 0.2.0"
| #define PACKAGE_BUGREPORT ""
| #define PACKAGE_URL ""
| #define PACKAGE "g722_1"
| #define VERSION "0.2.0"
| #define STDC_HEADERS 1
| #define HAVE_SYS_TYPES_H 1
| #define HAVE_SYS_STAT_H 1
| #define HAVE_STDLIB_H 1
| #define HAVE_STRING_H 1
| #define HAVE_MEMORY_H 1
| #define HAVE_STRINGS_H 1
| #define HAVE_INTTYPES_H 1
| #define HAVE_STDINT_H 1
| #define HAVE_UNISTD_H 1
| #define HAVE_DLFCN_H 1
| #define LT_OBJDIR ".libs/"
| #define HAVE_LONG_LONG 1
| #define HAVE_LONG_DOUBLE 1
| #define RETSIGTYPE void
| #define HAVE_VPRINTF 1
| #define HAVE_STDLIB_H 1
| #define HAVE_MALLOC 1
| #define HAVE_STDLIB_H 1
| #define HAVE_REALLOC 1
| #define HAVE_SYS_SELECT_H 1
| #define HAVE_SYS_SOCKET_H 1
| #define SELECT_TYPE_ARG1 int
| #define SELECT_TYPE_ARG234 (fd_set *)
| #define SELECT_TYPE_ARG5 (struct timeval *)
| #define HAVE_MEMMOVE 1
| #define HAVE_MEMSET 1
| #define HAVE_SELECT 1
| #define HAVE_STRCASECMP 1
| #define HAVE_STRCHR 1
| #define HAVE_STRDUP 1
| #define HAVE_STRERROR 1
| #define HAVE_STRSTR 1
| #define HAVE_STRTOL 1
| #define HAVE_GETTIMEOFDAY 1
| #define STDC_HEADERS 1
| #define HAVE_SYS_WAIT_H 1
| #define TIME_WITH_SYS_TIME 1
| /* end confdefs.h.  */
| #include <stdio.h>
| #ifdef HAVE_SYS_TYPES_H
| # include <sys/types.h>
| #endif
| #ifdef HAVE_SYS_STAT_H
| # include <sys/stat.h>
| #endif
| #ifdef STDC_HEADERS
| # include <stdlib.h>
| # include <stddef.h>
| #else
| # ifdef HAVE_STDLIB_H
| #  include <stdlib.h>
| # endif
| #endif
| #ifdef HAVE_STRING_H
| # if !defined STDC_HEADERS && defined HAVE_MEMORY_H
| #  include <memory.h>
| # endif
| # include <string.h>
| #endif
| #ifdef HAVE_STRINGS_H
| # include <strings.h>
| #endif
| #ifdef HAVE_INTTYPES_H
| # include <inttypes.h>
| #endif
| #ifdef HAVE_STDINT_H
| # include <stdint.h>
| #endif
| #ifdef HAVE_UNISTD_H
| # include <unistd.h>
| #endif
| #include <socket.h>
configure:17450: result: no
configure:17450: checking socket.h presence
configure:17450: gcc -E  conftest.c
conftest.c:49:20: fatal error: socket.h: No such file or directory
 #include <socket.h>
                    ^
compilation terminated.
configure:17450: $? = 1
configure: failed program was:
| /* confdefs.h */
| #define PACKAGE_NAME "g722_1"
| #define PACKAGE_TARNAME "g722_1"
| #define PACKAGE_VERSION "0.2.0"
| #define PACKAGE_STRING "g722_1 0.2.0"
| #define PACKAGE_BUGREPORT ""
| #define PACKAGE_URL ""
| #define PACKAGE "g722_1"
| #define VERSION "0.2.0"
| #define STDC_HEADERS 1
| #define HAVE_SYS_TYPES_H 1
| #define HAVE_SYS_STAT_H 1
| #define HAVE_STDLIB_H 1
| #define HAVE_STRING_H 1
| #define HAVE_MEMORY_H 1
| #define HAVE_STRINGS_H 1
| #define HAVE_INTTYPES_H 1
| #define HAVE_STDINT_H 1
| #define HAVE_UNISTD_H 1
| #define HAVE_DLFCN_H 1
| #define LT_OBJDIR ".libs/"
| #define HAVE_LONG_LONG 1
| #define HAVE_LONG_DOUBLE 1
| #define RETSIGTYPE void
| #define HAVE_VPRINTF 1
| #define HAVE_STDLIB_H 1
| #define HAVE_MALLOC 1
| #define HAVE_STDLIB_H 1
| #define HAVE_REALLOC 1
| #define HAVE_SYS_SELECT_H 1
| #define HAVE_SYS_SOCKET_H 1
| #define SELECT_TYPE_ARG1 int
| #define SELECT_TYPE_ARG234 (fd_set *)
| #define SELECT_TYPE_ARG5 (struct timeval *)
| #define HAVE_MEMMOVE 1
| #define HAVE_MEMSET 1
| #define HAVE_SELECT 1
| #define HAVE_STRCASECMP 1
| #define HAVE_STRCHR 1
| #define HAVE_STRDUP 1
| #define HAVE_STRERROR 1
| #define HAVE_STRSTR 1
| #define HAVE_STRTOL 1
| #define HAVE_GETTIMEOFDAY 1
| #define STDC_HEADERS 1
| #define HAVE_SYS_WAIT_H 1
| #define TIME_WITH_SYS_TIME 1
| /* end confdefs.h.  */
| #include <socket.h>
configure:17450: result: no
configure:17450: checking for socket.h
configure:17450: result: no
configure:17462: checking for inttypes.h
configure:17462: result: yes
configure:17474: checking for stdint.h
configure:17474: result: yes
configure:17486: checking for unistd.h
configure:17486: result: yes
configure:17498: checking for stdlib.h
configure:17498: result: yes
configure:17510: checking for string.h
configure:17510: result: yes
configure:17522: checking for strings.h
configure:17522: result: yes
configure:17534: checking malloc.h usability
configure:17534: gcc -c -g -O2  conftest.c >&5
configure:17534: $? = 0
configure:17534: result: yes
configure:17534: checking malloc.h presence
configure:17534: gcc -E  conftest.c
configure:17534: $? = 0
configure:17534: result: yes
configure:17534: checking for malloc.h
configure:17534: result: yes
configure:17546: checking tgmath.h usability
configure:17546: gcc -c -g -O2  conftest.c >&5
configure:17546: $? = 0
configure:17546: result: yes
configure:17546: checking tgmath.h presence
configure:17546: gcc -E  conftest.c
configure:17546: $? = 0
configure:17546: result: yes
configure:17546: checking for tgmath.h
configure:17546: result: yes
configure:17558: checking math.h usability
configure:17558: gcc -c -g -O2  conftest.c >&5
configure:17558: $? = 0
configure:17558: result: yes
configure:17558: checking math.h presence
configure:17558: gcc -E  conftest.c
configure:17558: $? = 0
configure:17558: result: yes
configure:17558: checking for math.h
configure:17558: result: yes
configure:17570: checking float.h usability
configure:17570: gcc -c -g -O2  conftest.c >&5
configure:17570: $? = 0
configure:17570: result: yes
configure:17570: checking float.h presence
configure:17570: gcc -E  conftest.c
configure:17570: $? = 0
configure:17570: result: yes
configure:17570: checking for float.h
configure:17570: result: yes
configure:17582: checking fcntl.h usability
configure:17582: gcc -c -g -O2  conftest.c >&5
configure:17582: $? = 0
configure:17582: result: yes
configure:17582: checking fcntl.h presence
configure:17582: gcc -E  conftest.c
configure:17582: $? = 0
configure:17582: result: yes
configure:17582: checking for fcntl.h
configure:17582: result: yes
configure:17594: checking sys/time.h usability
configure:17594: gcc -c -g -O2  conftest.c >&5
configure:17594: $? = 0
configure:17594: result: yes
configure:17594: checking sys/time.h presence
configure:17594: gcc -E  conftest.c
configure:17594: $? = 0
configure:17594: result: yes
configure:17594: checking for sys/time.h
configure:17594: result: yes
configure:17606: checking for sys/select.h
configure:17606: result: yes
configure:17618: checking sys/ioctl.h usability
configure:17618: gcc -c -g -O2  conftest.c >&5
configure:17618: $? = 0
configure:17618: result: yes
configure:17618: checking sys/ioctl.h presence
configure:17618: gcc -E  conftest.c
configure:17618: $? = 0
configure:17618: result: yes
configure:17618: checking for sys/ioctl.h
configure:17618: result: yes
configure:17630: checking sys/fcntl.h usability
configure:17630: gcc -c -g -O2  conftest.c >&5
configure:17630: $? = 0
configure:17630: result: yes
configure:17630: checking sys/fcntl.h presence
configure:17630: gcc -E  conftest.c
configure:17630: $? = 0
configure:17630: result: yes
configure:17630: checking for sys/fcntl.h
configure:17630: result: yes
configure:17642: checking audiofile.h usability
configure:17642: gcc -c -g -O2  conftest.c >&5
conftest.c:97:23: fatal error: audiofile.h: No such file or directory
 #include <audiofile.h>
                       ^
compilation terminated.
configure:17642: $? = 1
configure: failed program was:
| /* confdefs.h */
| #define PACKAGE_NAME "g722_1"
| #define PACKAGE_TARNAME "g722_1"
| #define PACKAGE_VERSION "0.2.0"
| #define PACKAGE_STRING "g722_1 0.2.0"
| #define PACKAGE_BUGREPORT ""
| #define PACKAGE_URL ""
| #define PACKAGE "g722_1"
| #define VERSION "0.2.0"
| #define STDC_HEADERS 1
| #define HAVE_SYS_TYPES_H 1
| #define HAVE_SYS_STAT_H 1
| #define HAVE_STDLIB_H 1
| #define HAVE_STRING_H 1
| #define HAVE_MEMORY_H 1
| #define HAVE_STRINGS_H 1
| #define HAVE_INTTYPES_H 1
| #define HAVE_STDINT_H 1
| #define HAVE_UNISTD_H 1
| #define HAVE_DLFCN_H 1
| #define LT_OBJDIR ".libs/"
| #define HAVE_LONG_LONG 1
| #define HAVE_LONG_DOUBLE 1
| #define RETSIGTYPE void
| #define HAVE_VPRINTF 1
| #define HAVE_STDLIB_H 1
| #define HAVE_MALLOC 1
| #define HAVE_STDLIB_H 1
| #define HAVE_REALLOC 1
| #define HAVE_SYS_SELECT_H 1
| #define HAVE_SYS_SOCKET_H 1
| #define SELECT_TYPE_ARG1 int
| #define SELECT_TYPE_ARG234 (fd_set *)
| #define SELECT_TYPE_ARG5 (struct timeval *)
| #define HAVE_MEMMOVE 1
| #define HAVE_MEMSET 1
| #define HAVE_SELECT 1
| #define HAVE_STRCASECMP 1
| #define HAVE_STRCHR 1
| #define HAVE_STRDUP 1
| #define HAVE_STRERROR 1
| #define HAVE_STRSTR 1
| #define HAVE_STRTOL 1
| #define HAVE_GETTIMEOFDAY 1
| #define STDC_HEADERS 1
| #define HAVE_SYS_WAIT_H 1
| #define TIME_WITH_SYS_TIME 1
| #define HAVE_INTTYPES_H 1
| #define HAVE_STDINT_H 1
| #define HAVE_UNISTD_H 1
| #define HAVE_STDLIB_H 1
| #define HAVE_STRING_H 1
| #define HAVE_STRINGS_H 1
| #define HAVE_MALLOC_H 1
| #define HAVE_TGMATH_H 1
| #define HAVE_MATH_H 1
| #define HAVE_FLOAT_H 1
| #define HAVE_FCNTL_H 1
| #define HAVE_SYS_TIME_H 1
| #define HAVE_SYS_SELECT_H 1
| #define HAVE_SYS_IOCTL_H 1
| #define HAVE_SYS_FCNTL_H 1
| /* end confdefs.h.  */
| #include <stdio.h>
| #ifdef HAVE_SYS_TYPES_H
| # include <sys/types.h>
| #endif
| #ifdef HAVE_SYS_STAT_H
| # include <sys/stat.h>
| #endif
| #ifdef STDC_HEADERS
| # include <stdlib.h>
| # include <stddef.h>
| #else
| # ifdef HAVE_STDLIB_H
| #  include <stdlib.h>
| # endif
| #endif
| #ifdef HAVE_STRING_H
| # if !defined STDC_HEADERS && defined HAVE_MEMORY_H
| #  include <memory.h>
| # endif
| # include <string.h>
| #endif
| #ifdef HAVE_STRINGS_H
| # include <strings.h>
| #endif
| #ifdef HAVE_INTTYPES_H
| # include <inttypes.h>
| #endif
| #ifdef HAVE_STDINT_H
| # include <stdint.h>
| #endif
| #ifdef HAVE_UNISTD_H
| # include <unistd.h>
| #endif
| #include <audiofile.h>
configure:17642: result: no
configure:17642: checking audiofile.h presence
configure:17642: gcc -E  conftest.c
conftest.c:64:23: fatal error: audiofile.h: No such file or directory
 #include <audiofile.h>
                       ^
compilation terminated.
configure:17642: $? = 1
configure: failed program was:
| /* confdefs.h */
| #define PACKAGE_NAME "g722_1"
| #define PACKAGE_TARNAME "g722_1"
| #define PACKAGE_VERSION "0.2.0"
| #define PACKAGE_STRING "g722_1 0.2.0"
| #define PACKAGE_BUGREPORT ""
| #define PACKAGE_URL ""
| #define PACKAGE "g722_1"
| #define VERSION "0.2.0"
| #define STDC_HEADERS 1
| #define HAVE_SYS_TYPES_H 1
| #define HAVE_SYS_STAT_H 1
| #define HAVE_STDLIB_H 1
| #define HAVE_STRING_H 1
| #define HAVE_MEMORY_H 1
| #define HAVE_STRINGS_H 1
| #define HAVE_INTTYPES_H 1
| #define HAVE_STDINT_H 1
| #define HAVE_UNISTD_H 1
| #define HAVE_DLFCN_H 1
| #define LT_OBJDIR ".libs/"
| #define HAVE_LONG_LONG 1
| #define HAVE_LONG_DOUBLE 1
| #define RETSIGTYPE void
| #define HAVE_VPRINTF 1
| #define HAVE_STDLIB_H 1
| #define HAVE_MALLOC 1
| #define HAVE_STDLIB_H 1
| #define HAVE_REALLOC 1
| #define HAVE_SYS_SELECT_H 1
| #define HAVE_SYS_SOCKET_H 1
| #define SELECT_TYPE_ARG1 int
| #define SELECT_TYPE_ARG234 (fd_set *)
| #define SELECT_TYPE_ARG5 (struct timeval *)
| #define HAVE_MEMMOVE 1
| #define HAVE_MEMSET 1
| #define HAVE_SELECT 1
| #define HAVE_STRCASECMP 1
| #define HAVE_STRCHR 1
| #define HAVE_STRDUP 1
| #define HAVE_STRERROR 1
| #define HAVE_STRSTR 1
| #define HAVE_STRTOL 1
| #define HAVE_GETTIMEOFDAY 1
| #define STDC_HEADERS 1
| #define HAVE_SYS_WAIT_H 1
| #define TIME_WITH_SYS_TIME 1
| #define HAVE_INTTYPES_H 1
| #define HAVE_STDINT_H 1
| #define HAVE_UNISTD_H 1
| #define HAVE_STDLIB_H 1
| #define HAVE_STRING_H 1
| #define HAVE_STRINGS_H 1
| #define HAVE_MALLOC_H 1
| #define HAVE_TGMATH_H 1
| #define HAVE_MATH_H 1
| #define HAVE_FLOAT_H 1
| #define HAVE_FCNTL_H 1
| #define HAVE_SYS_TIME_H 1
| #define HAVE_SYS_SELECT_H 1
| #define HAVE_SYS_IOCTL_H 1
| #define HAVE_SYS_FCNTL_H 1
| /* end confdefs.h.  */
| #include <audiofile.h>
configure:17642: result: no
configure:17642: checking for audiofile.h
configure:17642: result: no
configure:17665: checking for /usr/local/lib64
configure:17685: result: no
configure:17695: checking for cos in -lm
configure:17720: gcc -o conftest -g -O2   conftest.c -lm   >&5
conftest.c:71:6: warning: conflicting types for built-in function 'cos' [enabled by default]
 char cos ();
      ^
configure:17720: $? = 0
configure:17729: result: yes
configure:17741: checking for library containing sinf
configure:17772: gcc -o conftest -g -O2   conftest.c -lm  >&5
conftest.c:72:6: warning: conflicting types for built-in function 'sinf' [enabled by default]
 char sinf ();
      ^
configure:17772: $? = 0
configure:17789: result: none required
configure:17799: checking for library containing cosf
configure:17830: gcc -o conftest -g -O2   conftest.c -lm  >&5
conftest.c:73:6: warning: conflicting types for built-in function 'cosf' [enabled by default]
 char cosf ();
      ^
configure:17830: $? = 0
configure:17847: result: none required
configure:17857: checking for library containing tanf
configure:17888: gcc -o conftest -g -O2   conftest.c -lm  >&5
conftest.c:74:6: warning: conflicting types for built-in function 'tanf' [enabled by default]
 char tanf ();
      ^
configure:17888: $? = 0
configure:17905: result: none required
configure:17915: checking for library containing asinf
configure:17946: gcc -o conftest -g -O2   conftest.c -lm  >&5
conftest.c:75:6: warning: conflicting types for built-in function 'asinf' [enabled by default]
 char asinf ();
      ^
configure:17946: $? = 0
configure:17963: result: none required
configure:17973: checking for library containing acosf
configure:18004: gcc -o conftest -g -O2   conftest.c -lm  >&5
conftest.c:76:6: warning: conflicting types for built-in function 'acosf' [enabled by default]
 char acosf ();
      ^
configure:18004: $? = 0
configure:18021: result: none required
configure:18031: checking for library containing atanf
configure:18062: gcc -o conftest -g -O2   conftest.c -lm  >&5
conftest.c:77:6: warning: conflicting types for built-in function 'atanf' [enabled by default]
 char atanf ();
      ^
configure:18062: $? = 0
configure:18079: result: none required
configure:18089: checking for library containing atan2f
configure:18120: gcc -o conftest -g -O2   conftest.c -lm  >&5
conftest.c:78:6: warning: conflicting types for built-in function 'atan2f' [enabled by default]
 char atan2f ();
      ^
configure:18120: $? = 0
configure:18137: result: none required
configure:18147: checking for library containing ceilf
configure:18178: gcc -o conftest -g -O2   conftest.c -lm  >&5
conftest.c:79:6: warning: conflicting types for built-in function 'ceilf' [enabled by default]
 char ceilf ();
      ^
configure:18178: $? = 0
configure:18195: result: none required
configure:18205: checking for library containing floorf
configure:18236: gcc -o conftest -g -O2   conftest.c -lm  >&5
conftest.c:80:6: warning: conflicting types for built-in function 'floorf' [enabled by default]
 char floorf ();
      ^
configure:18236: $? = 0
configure:18253: result: none required
configure:18263: checking for library containing powf
configure:18294: gcc -o conftest -g -O2   conftest.c -lm  >&5
conftest.c:81:6: warning: conflicting types for built-in function 'powf' [enabled by default]
 char powf ();
      ^
configure:18294: $? = 0
configure:18311: result: none required
configure:18321: checking for library containing expf
configure:18352: gcc -o conftest -g -O2   conftest.c -lm  >&5
conftest.c:82:6: warning: conflicting types for built-in function 'expf' [enabled by default]
 char expf ();
      ^
configure:18352: $? = 0
configure:18369: result: none required
configure:18379: checking for library containing logf
configure:18410: gcc -o conftest -g -O2   conftest.c -lm  >&5
conftest.c:83:6: warning: conflicting types for built-in function 'logf' [enabled by default]
 char logf ();
      ^
configure:18410: $? = 0
configure:18427: result: none required
configure:18437: checking for library containing log10f
configure:18468: gcc -o conftest -g -O2   conftest.c -lm  >&5
conftest.c:84:6: warning: conflicting types for built-in function 'log10f' [enabled by default]
 char log10f ();
      ^
configure:18468: $? = 0
configure:18485: result: none required
configure:18711: checking if x86_64-unknown-linux-gnu is fixed point only
configure:18735: result: no
configure:18748: checking if x86_64-unknown-linux-gnu fails on misaligned memory access
configure:18770: result: no
configure:18955: checking that generated files are newer than configure
configure:18961: result: done
configure:19036: creating ./config.status

## ---------------------- ##
## Running config.status. ##
## ---------------------- ##

This file was extended by g722_1 config.status 0.2.0, which was
generated by GNU Autoconf 2.69.  Invocation command line was

  CONFIG_FILES    = 
  CONFIG_HEADERS  = 
  CONFIG_LINKS    = 
  CONFIG_COMMANDS = 
  $ ./config.status 

on mypc-Inspiron-5520

config.status:1243: creating Makefile
config.status:1243: creating doc/Makefile
config.status:1243: creating test-data/Makefile
config.status:1243: creating test-data/local/Makefile
config.status:1243: creating test-data/itu/Makefile
config.status:1243: creating src/Makefile
config.status:1243: creating src/g722_1.h
config.status:1243: creating tests/Makefile
config.status:1243: creating g722_1.pc
config.status:1243: creating g722_1.spec
config.status:1243: creating tests/regression_tests.sh
config.status:1243: creating src/config.h
config.status:1424: src/config.h is unchanged
config.status:1472: executing depfiles commands
config.status:1472: executing libtool commands

## ---------------- ##
## Cache variables. ##
## ---------------- ##

ac_cv_build=x86_64-unknown-linux-gnu
ac_cv_c99_flexible_array=yes
ac_cv_c99_llrint=no
ac_cv_c99_llrintf=no
ac_cv_c99_lrint=no
ac_cv_c99_lrintf=no
ac_cv_c_compiler_gnu=yes
ac_cv_c_const=yes
ac_cv_c_inline=inline
ac_cv_c_volatile=yes
ac_cv_cxx_compiler_gnu=yes
ac_cv_env_CCC_set=
ac_cv_env_CCC_value=
ac_cv_env_CC_set=
ac_cv_env_CC_value=
ac_cv_env_CFLAGS_set=
ac_cv_env_CFLAGS_value=
ac_cv_env_CPPFLAGS_set=set
ac_cv_env_CPPFLAGS_value=
ac_cv_env_CPP_set=
ac_cv_env_CPP_value=
ac_cv_env_CXXCPP_set=
ac_cv_env_CXXCPP_value=
ac_cv_env_CXXFLAGS_set=
ac_cv_env_CXXFLAGS_value=
ac_cv_env_CXX_set=
ac_cv_env_CXX_value=
ac_cv_env_LDFLAGS_set=set
ac_cv_env_LDFLAGS_value=
ac_cv_env_LIBS_set=
ac_cv_env_LIBS_value=
ac_cv_env_build_alias_set=
ac_cv_env_build_alias_value=
ac_cv_env_host_alias_set=
ac_cv_env_host_alias_value=
ac_cv_env_target_alias_set=
ac_cv_env_target_alias_value=
ac_cv_fixed_point_machine_x86_64_unknown_linux_gnu=no
ac_cv_func__doprnt=no
ac_cv_func_gettimeofday=yes
ac_cv_func_malloc_0_nonnull=yes
ac_cv_func_memcmp_working=yes
ac_cv_func_memmove=yes
ac_cv_func_memset=yes
ac_cv_func_realloc_0_nonnull=yes
ac_cv_func_select=yes
ac_cv_func_select_args='int,fd_set *,struct timeval *'
ac_cv_func_strcasecmp=yes
ac_cv_func_strchr=yes
ac_cv_func_strdup=yes
ac_cv_func_strerror=yes
ac_cv_func_strstr=yes
ac_cv_func_strtol=yes
ac_cv_func_vprintf=yes
ac_cv_header_audiofile_h=no
ac_cv_header_dlfcn_h=yes
ac_cv_header_fcntl_h=yes
ac_cv_header_float_h=yes
ac_cv_header_inttypes_h=yes
ac_cv_header_malloc_h=yes
ac_cv_header_math_h=yes
ac_cv_header_memory_h=yes
ac_cv_header_socket_h=no
ac_cv_header_stdc=yes
ac_cv_header_stdint_h=yes
ac_cv_header_stdlib_h=yes
ac_cv_header_string_h=yes
ac_cv_header_strings_h=yes
ac_cv_header_sys_fcntl_h=yes
ac_cv_header_sys_ioctl_h=yes
ac_cv_header_sys_select_h=yes
ac_cv_header_sys_socket_h=yes
ac_cv_header_sys_stat_h=yes
ac_cv_header_sys_time_h=yes
ac_cv_header_sys_types_h=yes
ac_cv_header_sys_wait_h=yes
ac_cv_header_tgmath_h=yes
ac_cv_header_time=yes
ac_cv_header_unistd_h=yes
ac_cv_host=x86_64-unknown-linux-gnu
ac_cv_lib_error_at_line=yes
ac_cv_lib_m_cos=yes
ac_cv_misaligned_access_fails_x86_64_unknown_linux_gnu=no
ac_cv_objext=o
ac_cv_path_EGREP='/bin/grep -E'
ac_cv_path_FGREP='/bin/grep -F'
ac_cv_path_GREP=/bin/grep
ac_cv_path_SED=/bin/sed
ac_cv_path_install='/usr/bin/install -c'
ac_cv_path_mkdir=/bin/mkdir
ac_cv_prog_AWK=mawk
ac_cv_prog_CPP='gcc -E'
ac_cv_prog_CXXCPP='g++ -E'
ac_cv_prog_ac_ct_AR=ar
ac_cv_prog_ac_ct_CC=gcc
ac_cv_prog_ac_ct_CXX=g++
ac_cv_prog_ac_ct_MANIFEST_TOOL=mt
ac_cv_prog_ac_ct_OBJDUMP=objdump
ac_cv_prog_ac_ct_RANLIB=ranlib
ac_cv_prog_ac_ct_STRIP=strip
ac_cv_prog_cc_c89=
ac_cv_prog_cc_g=yes
ac_cv_prog_cxx_g=yes
ac_cv_prog_gcc_traditional=no
ac_cv_prog_make_make_set=yes
ac_cv_real_file__usr_local_lib64=no
ac_cv_search_acosf='none required'
ac_cv_search_asinf='none required'
ac_cv_search_atan2f='none required'
ac_cv_search_atanf='none required'
ac_cv_search_ceilf='none required'
ac_cv_search_cosf='none required'
ac_cv_search_expf='none required'
ac_cv_search_floorf='none required'
ac_cv_search_log10f='none required'
ac_cv_search_logf='none required'
ac_cv_search_powf='none required'
ac_cv_search_sinf='none required'
ac_cv_search_tanf='none required'
ac_cv_type_long_double=yes
ac_cv_type_long_long=yes
ac_cv_type_signal=void
am_cv_CC_dependencies_compiler_type=gcc3
am_cv_CXX_dependencies_compiler_type=gcc3
am_cv_make_support_nested_variables=yes
am_cv_prog_cc_c_o=yes
ax_cv_c_compiler_vendor=gnu
lt_cv_ar_at_file=@
lt_cv_deplibs_check_method=pass_all
lt_cv_file_magic_cmd='$MAGIC_CMD'
lt_cv_file_magic_test_file=
lt_cv_ld_reload_flag=-r
lt_cv_nm_interface='BSD nm'
lt_cv_objdir=.libs
lt_cv_path_LD=/usr/bin/ld
lt_cv_path_LDCXX='/usr/bin/ld -m elf_x86_64'
lt_cv_path_NM='/usr/bin/nm -B'
lt_cv_path_mainfest_tool=no
lt_cv_prog_compiler_c_o=yes
lt_cv_prog_compiler_c_o_CXX=yes
lt_cv_prog_compiler_pic='-fPIC -DPIC'
lt_cv_prog_compiler_pic_CXX='-fPIC -DPIC'
lt_cv_prog_compiler_pic_works=yes
lt_cv_prog_compiler_pic_works_CXX=yes
lt_cv_prog_compiler_rtti_exceptions=no
lt_cv_prog_compiler_static_works=yes
lt_cv_prog_compiler_static_works_CXX=yes
lt_cv_prog_gnu_ld=yes
lt_cv_prog_gnu_ldcxx=yes
lt_cv_sharedlib_from_linklib_cmd='printf %s\n'
lt_cv_shlibpath_overrides_runpath=no
lt_cv_sys_global_symbol_pipe='sed -n -e '\''s/^.*[	 ]\([ABCDGIRSTW][ABCDGIRSTW]*\)[	 ][	 ]*\([_A-Za-z][_A-Za-z0-9]*\)$/\1 \2 \2/p'\'' | sed '\''/ __gnu_lto/d'\'''
lt_cv_sys_global_symbol_to_c_name_address='sed -n -e '\''s/^: \([^ ]*\)[ ]*$/  {\"\1\", (void *) 0},/p'\'' -e '\''s/^[ABCDGIRSTW]* \([^ ]*\) \([^ ]*\)$/  {"\2", (void *) \&\2},/p'\'''
lt_cv_sys_global_symbol_to_c_name_address_lib_prefix='sed -n -e '\''s/^: \([^ ]*\)[ ]*$/  {\"\1\", (void *) 0},/p'\'' -e '\''s/^[ABCDGIRSTW]* \([^ ]*\) \(lib[^ ]*\)$/  {"\2", (void *) \&\2},/p'\'' -e '\''s/^[ABCDGIRSTW]* \([^ ]*\) \([^ ]*\)$/  {"lib\2", (void *) \&\2},/p'\'''
lt_cv_sys_global_symbol_to_cdecl='sed -n -e '\''s/^T .* \(.*\)$/extern int \1();/p'\'' -e '\''s/^[ABCDGIRSTW]* .* \(.*\)$/extern char \1;/p'\'''
lt_cv_sys_max_cmd_len=1572864
lt_cv_to_host_file_cmd=func_convert_file_noop
lt_cv_to_tool_file_cmd=func_convert_file_noop

## ----------------- ##
## Output variables. ##
## ----------------- ##

ACLOCAL='aclocal-1.14'
AMDEPBACKSLASH='\'
AMDEP_FALSE='#'
AMDEP_TRUE=''
AMTAR='$${TAR-tar}'
AM_BACKSLASH='\'
AM_DEFAULT_V='$(AM_DEFAULT_VERBOSITY)'
AM_DEFAULT_VERBOSITY='1'
AM_V='$(V)'
AR='ar'
AUTOCONF='autoconf'
AUTOHEADER='autoheader'
AUTOMAKE='automake-1.14'
AWK='mawk'
CC='gcc'
CCDEPMODE='depmode=gcc3'
CC_FOR_BUILD='$(CC)'
CFLAGS='-g -O2'
COMP_VENDOR_CFLAGS='-DNDEBUG -std=gnu99 -ffast-math -Wall -Wunused-variable -Wwrite-strings -Wstrict-prototypes -Wmissing-prototypes'
COMP_VENDOR_LDFLAGS=''
COND_DOC_FALSE=''
COND_DOC_TRUE='#'
COND_MMX_FALSE=''
COND_MMX_TRUE='#'
COND_SSE2_FALSE=''
COND_SSE2_TRUE='#'
COND_SSE3_FALSE=''
COND_SSE3_TRUE='#'
COND_SSE4A_FALSE=''
COND_SSE4A_TRUE='#'
COND_SSE4_1_FALSE=''
COND_SSE4_1_TRUE='#'
COND_SSE4_2_FALSE=''
COND_SSE4_2_TRUE='#'
COND_SSE5_FALSE=''
COND_SSE5_TRUE='#'
COND_SSE_FALSE=''
COND_SSE_TRUE='#'
COND_TESTDATA_FALSE=''
COND_TESTDATA_TRUE='#'
COND_TESTS_FALSE=''
COND_TESTS_TRUE='#'
CPP='gcc -E'
CPPFLAGS=''
CXX='g++'
CXXCPP='g++ -E'
CXXDEPMODE='depmode=gcc3'
CXXFLAGS='-g -O2'
CYGPATH_W='echo'
DEFS='-DHAVE_CONFIG_H'
DEPDIR='.deps'
DLLTOOL='false'
DSYMUTIL=''
DUMPBIN=''
ECHO_C=''
ECHO_N='-n'
ECHO_T=''
EGREP='/bin/grep -E'
EXEEXT=''
FGREP='/bin/grep -F'
G722_1_LT_AGE='0'
G722_1_LT_CURRENT='0'
G722_1_LT_REVISION='2'
G722_1_USE_FIXED_POINT='#undef G722_1_USE_FIXED_POINT'
G722_1_VECTORS_FOR_TESTS='floating'
GREP='/bin/grep'
INSERT_INTTYPES_HEADER='#include <inttypes.h>'
INSERT_MATH_HEADER='#include <math.h>'
INSERT_STDINT_HEADER='#include <stdint.h>'
INSERT_TGMATH_HEADER='#include <tgmath.h>'
INSTALL_DATA='${INSTALL} -m 644'
INSTALL_PROGRAM='${INSTALL}'
INSTALL_SCRIPT='${INSTALL}'
INSTALL_STRIP_PROGRAM='$(install_sh) -c -s'
LD='/usr/bin/ld -m elf_x86_64'
LDFLAGS=''
LIBOBJS=''
LIBS='-lm '
LIBTOOL='$(SHELL) $(top_builddir)/libtool'
LIPO=''
LN_S='ln -s'
LTLIBOBJS=''
MAKEINFO='makeinfo'
MANIFEST_TOOL=':'
MKDIR_P='/bin/mkdir -p'
NM='/usr/bin/nm -B'
NMEDIT=''
OBJDUMP='objdump'
OBJEXT='o'
OTOOL64=''
OTOOL=''
PACKAGE='g722_1'
PACKAGE_BUGREPORT=''
PACKAGE_NAME='g722_1'
PACKAGE_STRING='g722_1 0.2.0'
PACKAGE_TARNAME='g722_1'
PACKAGE_URL=''
PACKAGE_VERSION='0.2.0'
PATH_SEPARATOR=':'
RANLIB='ranlib'
SED='/bin/sed'
SET_MAKE=''
SHELL='/bin/bash'
STRIP='strip'
TESTLIBS=''
VERSION='0.2.0'
ac_ct_AR='ar'
ac_ct_CC='gcc'
ac_ct_CXX='g++'
ac_ct_DUMPBIN=''
am__EXEEXT_FALSE=''
am__EXEEXT_TRUE='#'
am__fastdepCC_FALSE='#'
am__fastdepCC_TRUE=''
am__fastdepCXX_FALSE='#'
am__fastdepCXX_TRUE=''
am__include='include'
am__isrc=''
am__leading_dot='.'
am__nodep='_no'
am__quote=''
am__tar='$${TAR-tar} chof - "$$tardir"'
am__untar='$${TAR-tar} xf -'
bindir='${exec_prefix}/bin'
build='x86_64-unknown-linux-gnu'
build_alias=''
build_cpu='x86_64'
build_os='linux-gnu'
build_vendor='unknown'
datadir='${datarootdir}'
datarootdir='${prefix}/share'
docdir='${datarootdir}/doc/${PACKAGE_TARNAME}'
dvidir='${docdir}'
exec_prefix='${prefix}'
host='x86_64-unknown-linux-gnu'
host_alias=''
host_cpu='x86_64'
host_os='linux-gnu'
host_vendor='unknown'
htmldir='${docdir}'
includedir='${prefix}/include'
infodir='${datarootdir}/info'
install_sh='${SHELL} /home/mypc/MCU1/openmcu/libs/libg722_1/config/install-sh'
libdir='${exec_prefix}/lib'
libexecdir='${exec_prefix}/libexec'
localedir='${datarootdir}/locale'
localstatedir='${prefix}/var'
mandir='${datarootdir}/man'
mkdir_p='$(MKDIR_P)'
oldincludedir='/usr/include'
pdfdir='${docdir}'
prefix='/usr/local'
program_transform_name='s,x,x,'
psdir='${docdir}'
sbindir='${exec_prefix}/sbin'
sharedstatedir='${prefix}/com'
sysconfdir='${prefix}/etc'
target_alias=''

## ----------- ##
## confdefs.h. ##
## ----------- ##

/* confdefs.h */
#define PACKAGE_NAME "g722_1"
#define PACKAGE_TARNAME "g722_1"
#define PACKAGE_VERSION "0.2.0"
#define PACKAGE_STRING "g722_1 0.2.0"
#define PACKAGE_BUGREPORT ""
#define PACKAGE_URL ""
#define PACKAGE "g722_1"
#define VERSION "0.2.0"
#define STDC_HEADERS 1
#define HAVE_SYS_TYPES_H 1
#define HAVE_SYS_STAT_H 1
#define HAVE_STDLIB_H 1
#define HAVE_STRING_H 1
#define HAVE_MEMORY_H 1
#define HAVE_STRINGS_H 1
#define HAVE_INTTYPES_H 1
#define HAVE_STDINT_H 1
#define HAVE_UNISTD_H 1
#define HAVE_DLFCN_H 1
#define LT_OBJDIR ".libs/"
#define HAVE_LONG_LONG 1
#define HAVE_LONG_DOUBLE 1
#define RETSIGTYPE void
#define HAVE_VPRINTF 1
#define HAVE_STDLIB_H 1
#define HAVE_MALLOC 1
#define HAVE_STDLIB_H 1
#define HAVE_REALLOC 1
#define HAVE_SYS_SELECT_H 1
#define HAVE_SYS_SOCKET_H 1
#define SELECT_TYPE_ARG1 int
#define SELECT_TYPE_ARG234 (fd_set *)
#define SELECT_TYPE_ARG5 (struct timeval *)
#define HAVE_MEMMOVE 1
#define HAVE_MEMSET 1
#define HAVE_SELECT 1
#define HAVE_STRCASECMP 1
#define HAVE_STRCHR 1
#define HAVE_STRDUP 1
#define HAVE_STRERROR 1
#define HAVE_STRSTR 1
#define HAVE_STRTOL 1
#define HAVE_GETTIMEOFDAY 1
#define STDC_HEADERS 1
#define HAVE_SYS_WAIT_H 1
#define TIME_WITH_SYS_TIME 1
#define HAVE_INTTYPES_H 1
#define HAVE_STDINT_H 1
#define HAVE_UNISTD_H 1
#define HAVE_STDLIB_H 1
#define HAVE_STRING_H 1
#define HAVE_STRINGS_H 1
#define HAVE_MALLOC_H 1
#define HAVE_TGMATH_H 1
#define HAVE_MATH_H 1
#define HAVE_FLOAT_H 1
#define HAVE_FCNTL_H 1
#define HAVE_SYS_TIME_H 1
#define HAVE_SYS_SELECT_H 1
#define HAVE_SYS_IOCTL_H 1
#define HAVE_SYS_FCNTL_H 1
#define HAVE_LIBM 1
#define HAVE_SINF 1
#define HAVE_COSF 1
#define HAVE_TANF 1
#define HAVE_ASINF 1
#define HAVE_ACOSF 1
#define HAVE_ATANF 1
#define HAVE_ATAN2F 1
#define HAVE_CEILF 1
#define HAVE_FLOORF 1
#define HAVE_POWF 1
#define HAVE_EXPF 1
#define HAVE_LOGF 1
#define HAVE_LOG10F 1

configure: exit 0
